[36mINFO   [0m[0000] 
↓Last Loaded↓

Device |> 

↓ Args ↓
Bluestacks -> 
 VM -> Rvc64
 App -> %!v(MISSING)
Magick -> map[1:{-colorspace Gray} 2:{-alpha off} 3:{-threshold 75%}]
Tesseract -> map[1:{--psm 6} 2:{-c tessedit_create_alto=1} 3:{hoot quiet}] 
[36mINFO   [0m[0000] 
↓Last Loaded↓

Device |> [92m[0m

↓ Args ↓
Bluestacks -> 
 VM -> Rvc64
 App -> %!v(MISSING)
Magick -> map[1:{-colorspace Gray} 2:{-alpha off} 3:{-threshold 75%}]
Tesseract -> map[1:{--psm 6} 2:{-c tessedit_create_alto=1} 3:{hoot quiet}] 
[36mINFO   [0m[0089] Availiable Devices:
[]                       
[36mINFO   [0m[0117] Availiable Devices:
[]                       
[36mINFO   [0m[0000] 
↓Last Loaded↓

Device |> 

↓ Args ↓
Bluestacks -> 
 VM -> Rvc64
 App -> %!v(MISSING)
Magick -> map[1:{-colorspace Gray} 2:{-alpha off} 3:{-threshold 75%}]
Tesseract -> map[1:{--psm 6} 2:{-c tessedit_create_alto=1} 3:{hoot quiet}] 
[36mINFO   [0m[0000] 
↓Last Loaded↓

Device |> [92m[0m

↓ Args ↓
Bluestacks -> 
 VM -> Rvc64
 App -> %!v(MISSING)
Magick -> map[1:{-colorspace Gray} 2:{-alpha off} 3:{-threshold 75%}]
Tesseract -> map[1:{--psm 6} 2:{-c tessedit_create_alto=1} 3:{hoot quiet}] 
[36mINFO   [0m[0007] Availiable Devices:
[]                       
[36mINFO   [0m[0000] 
↓Last Loaded↓

Device |> 

↓ Args ↓
Bluestacks -> 
 VM -> Rvc64
 App -> %!v(MISSING)
Magick -> map[1:{-colorspace Gray} 2:{-alpha off} 3:{-threshold 75%}]
Tesseract -> map[1:{--psm 6} 2:{-c tessedit_create_alto=1} 3:{hoot quiet}] 
[36mINFO   [0m[0000] 
↓Last Loaded↓

Device |> 

↓ Args ↓
Bluestacks -> 
 VM -> Rvc64
 App -> %!v(MISSING)
Magick -> map[1:{-colorspace Gray} 2:{-alpha off} 3:{-threshold 75%}]
Tesseract -> map[1:{--psm 6} 2:{-c tessedit_create_alto=1} 3:{hoot quiet}] 
[36mINFO   [0m[0000] 
↓Last Loaded↓

Device |> 

↓ Args ↓
Bluestacks -> 
 VM -> Rvc64
 App -> %!v(MISSING)
Magick -> map[1:{-colorspace Gray} 2:{-alpha off} 3:{-threshold 75%}]
Tesseract -> map[1:{--psm 6} 2:{-c tessedit_create_alto=1} 3:{hoot quiet}] 
[36mINFO   [0m[0000] 
↓Last Loaded↓

Device |> 

↓ Args ↓
Bluestacks -> 
 VM -> Rvc64
 App -> %!v(MISSING)
Magick -> map[1:{-colorspace Gray} 2:{-alpha off} 3:{-threshold 75%}]
Tesseract -> map[1:{--psm 6} 2:{-c tessedit_create_alto=1} 3:{hoot quiet}] 
[36mINFO   [0m[0000] 
↓Last Loaded↓

Device |> [92m[0m

↓ Args ↓
Bluestacks -> 
 VM -> Rvc64
 App -> %!v(MISSING)
Magick -> map[1:{-colorspace Gray} 2:{-alpha off} 3:{-threshold 75%}]
Tesseract -> map[1:{--psm 6} 2:{-c tessedit_create_alto=1} 3:{hoot quiet}] 
[36mINFO   [0m[0000] 
↓Last Loaded↓

Device |> 

↓ Args ↓
Bluestacks -> 
 VM -> Rvc64
 App -> %!v(MISSING)
Magick -> map[1:{-colorspace Gray} 2:{-alpha off} 3:{-threshold 75%}]
Tesseract -> map[1:{--psm 6} 2:{-c tessedit_create_alto=1} 3:{hoot quiet}] 
[36mINFO   [0m[0000] 
↓Last Loaded↓

Device |> [92m[0m

↓ Args ↓
Bluestacks -> 
 VM -> Rvc64
 App -> %!v(MISSING)
Magick -> map[1:{-colorspace Gray} 2:{-alpha off} 3:{-threshold 75%}]
Tesseract -> map[1:{--psm 6} 2:{-c tessedit_create_alto=1} 3:{hoot quiet}] 
[36mINFO   [0m[0014] Availiable Devices:
[]                       
[36mINFO   [0m[0015] Availiable Devices:
[]                       
[36mINFO   [0m[0000] 
↓Last Loaded↓

Device |> 

↓ Args ↓
Bluestacks -> 
 VM -> Rvc64
 App -> %!v(MISSING)
Magick -> map[1:{-colorspace Gray} 2:{-alpha off} 3:{-threshold 75%}]
Tesseract -> map[1:{--psm 6} 2:{-c tessedit_create_alto=1} 3:{hoot quiet}] 
[36mINFO   [0m[0000] 
↓Last Loaded↓

Device |> [92m[0m

↓ Args ↓
Bluestacks -> 
 VM -> Rvc64
 App -> %!v(MISSING)
Magick -> map[1:{-colorspace Gray} 2:{-alpha off} 3:{-threshold 75%}]
Tesseract -> map[1:{--psm 6} 2:{-c tessedit_create_alto=1} 3:{hoot quiet}] 
[36mINFO   [0m[0005] Availiable Devices:
[]                       
[36mINFO   [0m[0000] 
↓Last Loaded↓

Device |> 

↓ Args ↓
Bluestacks -> 
 VM -> Rvc64
 App -> %!v(MISSING)
Magick -> map[1:{-colorspace Gray} 2:{-alpha off} 3:{-threshold 75%}]
Tesseract -> map[1:{--psm 6} 2:{-c tessedit_create_alto=1} 3:{hoot quiet}] 
[36mINFO   [0m[0000] 
↓Last Loaded↓

Device |> [92m[0m

↓ Args ↓
Bluestacks -> 
 VM -> Rvc64
 App -> %!v(MISSING)
Magick -> map[1:{-colorspace Gray} 2:{-alpha off} 3:{-threshold 75%}]
Tesseract -> map[1:{--psm 6} 2:{-c tessedit_create_alto=1} 3:{hoot quiet}] 
[36mINFO   [0m[0006] Availiable Devices:
[]                       
[36mINFO   [0m[0117] Availiable Devices:
[]                       
[36mINFO   [0m[0426] Availiable Devices:
[]                       
[36mINFO   [0m[0533] Availiable Devices:
[]                       
[36mINFO   [0m[0567] Availiable Devices:
[]                       
[36mINFO   [0m[0584] Availiable Devices:
[]                       
[36mINFO   [0m[0591] --> connected to 127.0.0.1:5555             
[36mINFO   [0m[0678] Availiable Devices:
[Device<127.0.0.1:5555x86>[resolution:720x1680]] 
[36mINFO   [0m[0749] Availiable Devices:
[Device<127.0.0.1:5555x86>[resolution:720x1680]] 
[36mINFO   [0m[0772] Availiable Devices:
[Device<127.0.0.1:5555>[resolution:0x0]] 
[36mINFO   [0m[0776] Availiable Devices:
[Device<127.0.0.1:5555>[resolution:0x0]] 
[36mINFO   [0m[0781] Availiable Devices:
[Device<127.0.0.1:5555>[resolution:0x0]] 
[36mINFO   [0m[0796] Availiable Devices:
[Device<127.0.0.1:5555>[resolution:0x0]] 
[36mINFO   [0m[0884] Availiable Devices:
[]                       
[36mINFO   [0m[7879] Availiable Devices:
[]                       
[36mINFO   [0m[8809] Availiable Devices:
[]                       
[36mINFO   [0m[0000] 
↓Last Loaded↓

Device |> 

↓ Args ↓
Bluestacks -> 
 VM -> Rvc64
 App -> %!v(MISSING)
Magick -> map[1:{-colorspace Gray} 2:{-alpha off} 3:{-threshold 75%}]
Tesseract -> map[1:{--psm 6} 2:{-c tessedit_create_alto=1} 3:{hoot quiet}] 
[36mINFO   [0m[0000] 
↓Last Loaded↓

Device |> [92m[0m

↓ Args ↓
Bluestacks -> 
 VM -> Rvc64
 App -> %!v(MISSING)
Magick -> map[1:{-colorspace Gray} 2:{-alpha off} 3:{-threshold 75%}]
Tesseract -> map[1:{--psm 6} 2:{-c tessedit_create_alto=1} 3:{hoot quiet}] 
[36mINFO   [0m[0000] 
↓Last Loaded↓

Device |> 

↓ Args ↓
Bluestacks -> 
 VM -> Rvc64
 App -> %!v(MISSING)
Magick -> map[1:{-colorspace Gray} 2:{-alpha off} 3:{-threshold 75%}]
Tesseract -> map[1:{--psm 6} 2:{-c tessedit_create_alto=1} 3:{hoot quiet}] 
[36mINFO   [0m[0000] 
↓Last Loaded↓

Device |> [92m[0m

↓ Args ↓
Bluestacks -> 
 VM -> Rvc64
 App -> %!v(MISSING)
Magick -> map[1:{-colorspace Gray} 2:{-alpha off} 3:{-threshold 75%}]
Tesseract -> map[1:{--psm 6} 2:{-c tessedit_create_alto=1} 3:{hoot quiet}] 
[36mINFO   [0m[0000] 
↓Last Loaded↓

Device |> 

↓ Args ↓
Bluestacks -> 
 VM -> Rvc64
 App -> %!v(MISSING)
Magick -> map[1:{-colorspace Gray} 2:{-alpha off} 3:{-threshold 75%}]
Tesseract -> map[1:{--psm 6} 2:{-c tessedit_create_alto=1} 3:{hoot quiet}] 
[36mINFO   [0m[0000] 
↓Last Loaded↓

Device |> [92m[0m

↓ Args ↓
Bluestacks -> 
 VM -> Rvc64
 App -> %!v(MISSING)
Magick -> map[1:{-colorspace Gray} 2:{-alpha off} 3:{-threshold 75%}]
Tesseract -> map[1:{--psm 6} 2:{-c tessedit_create_alto=1} 3:{hoot quiet}] 
[36mINFO   [0m[0000] 
↓Last Loaded↓

Device |> 

↓ Args ↓
Bluestacks -> 
 VM -> Rvc64
 App -> %!v(MISSING)
Magick -> map[1:{-colorspace Gray} 2:{-alpha off} 3:{-threshold 75%}]
Tesseract -> map[1:{--psm 6} 2:{-c tessedit_create_alto=1} 3:{hoot quiet}] 
[36mINFO   [0m[0000] 
↓Last Loaded↓

Device |> [92m[0m

↓ Args ↓
Bluestacks -> 
 VM -> Rvc64
 App -> %!v(MISSING)
Magick -> map[1:{-colorspace Gray} 2:{-alpha off} 3:{-threshold 75%}]
Tesseract -> map[1:{--psm 6} 2:{-c tessedit_create_alto=1} 3:{hoot quiet}] 
[36mINFO   [0m[0000] 
↓Last Loaded↓

Device |> 

↓ Args ↓
Bluestacks -> 
 VM -> Rvc64
 App -> %!v(MISSING)
Magick -> map[1:{-colorspace Gray} 2:{-alpha off} 3:{-threshold 75%}]
Tesseract -> map[1:{--psm 6} 2:{-c tessedit_create_alto=1} 3:{hoot quiet}] 
[36mINFO   [0m[0000] 
↓Last Loaded↓

Device |> [92m[0m

↓ Args ↓
Bluestacks -> 
 VM -> Rvc64
 App -> %!v(MISSING)
Magick -> map[1:{-colorspace Gray} 2:{-alpha off} 3:{-threshold 75%}]
Tesseract -> map[1:{--psm 6} 2:{-c tessedit_create_alto=1} 3:{hoot quiet}] 
[36mINFO   [0m[0000] 
↓Last Loaded↓

Device |> 

↓ Args ↓
Bluestacks -> 
 VM -> Rvc64
 App -> %!v(MISSING)
Magick -> map[1:{-colorspace Gray} 2:{-alpha off} 3:{-threshold 75%}]
Tesseract -> map[1:{--psm 6} 2:{-c tessedit_create_alto=1} 3:{hoot quiet}] 
[36mINFO   [0m[0000] 
↓Last Loaded↓

Device |> 

↓ Args ↓
Bluestacks -> 
 VM -> Rvc64
 App -> %!v(MISSING)
Magick -> map[1:{-colorspace Gray} 2:{-alpha off} 3:{-threshold 75%}]
Tesseract -> map[1:{--psm 6} 2:{-c tessedit_create_alto=1} 3:{hoot quiet}] 
[36mINFO   [0m[0000] 
↓Last Loaded↓

Device |> [92m[0m

↓ Args ↓
Bluestacks -> 
 VM -> Rvc64
 App -> %!v(MISSING)
Magick -> map[1:{-colorspace Gray} 2:{-alpha off} 3:{-threshold 75%}]
Tesseract -> map[1:{--psm 6} 2:{-c tessedit_create_alto=1} 3:{hoot quiet}] 
[36mINFO   [0m[0000] 
↓Last Loaded↓

Device |> 

↓ Args ↓
Bluestacks -> 
 VM -> Rvc64
 App -> %!v(MISSING)
Magick -> map[1:{-colorspace Gray} 2:{-alpha off} 3:{-threshold 75%}]
Tesseract -> map[1:{--psm 6} 2:{-c tessedit_create_alto=1} 3:{hoot quiet}] 
[36mINFO   [0m[0000] 
↓Last Loaded↓

Device |> [92m[0m

↓ Args ↓
Bluestacks -> 
 VM -> Rvc64
 App -> %!v(MISSING)
Magick -> map[1:{-colorspace Gray} 2:{-alpha off} 3:{-threshold 75%}]
Tesseract -> map[1:{--psm 6} 2:{-c tessedit_create_alto=1} 3:{hoot quiet}] 
[36mINFO   [0m[0000] 
↓Last Loaded↓

Device |> 

↓ Args ↓
Bluestacks -> 
 VM -> Rvc64
 App -> %!v(MISSING)
Magick -> map[1:{-colorspace Gray} 2:{-alpha off} 3:{-threshold 75%}]
Tesseract -> map[1:{--psm 6} 2:{-c tessedit_create_alto=1} 3:{hoot quiet}] 
[36mINFO   [0m[0000] 
↓Last Loaded↓

Device |> [92m[0m

↓ Args ↓
Bluestacks -> 
 VM -> Rvc64
 App -> %!v(MISSING)
Magick -> map[1:{-colorspace Gray} 2:{-alpha off} 3:{-threshold 75%}]
Tesseract -> map[1:{--psm 6} 2:{-c tessedit_create_alto=1} 3:{hoot quiet}] 
[36mINFO   [0m[0888] Availiable Devices:
[]                       
[36mINFO   [0m[0892] Availiable Devices:
[]                       
[36mINFO   [0m[0913] Availiable Devices:
[]                       
[36mINFO   [0m[0996] Availiable Devices:
[]                       
[36mINFO   [0m[0997] Availiable Devices:
[]                       
[36mINFO   [0m[0998] Availiable Devices:
[]                       
[36mINFO   [0m[1521] Availiable Devices:
[]                       
[36mINFO   [0m[0000] 
↓Last Loaded↓

Device |> 

↓ Args ↓
Bluestacks -> 
 VM -> Rvc64
 App -> %!v(MISSING)
Magick -> map[1:{-colorspace Gray} 2:{-alpha off} 3:{-threshold 75%}]
Tesseract -> map[1:{--psm 6} 2:{-c tessedit_create_alto=1} 3:{hoot quiet}] 
[36mINFO   [0m[0000] 
↓Last Loaded↓

Device |> 

↓ Args ↓
Bluestacks -> 
 VM -> Rvc64
 App -> %!v(MISSING)
Magick -> map[1:{-colorspace Gray} 2:{-alpha off} 3:{-threshold 75%}]
Tesseract -> map[1:{--psm 6} 2:{-c tessedit_create_alto=1} 3:{hoot quiet}] 
[36mINFO   [0m[0000] 
↓Last Loaded↓

Device |> [92m[0m

↓ Args ↓
Bluestacks -> 
 VM -> Rvc64
 App -> %!v(MISSING)
Magick -> map[1:{-colorspace Gray} 2:{-alpha off} 3:{-threshold 75%}]
Tesseract -> map[1:{--psm 6} 2:{-c tessedit_create_alto=1} 3:{hoot quiet}] 
[36mINFO   [0m[0012] Availiable Devices:
[]                       
[36mINFO   [0m[0000] 
↓Last Loaded↓

Device |> 

↓ Args ↓
Bluestacks -> 
 VM -> Rvc64
 App -> %!v(MISSING)
Magick -> map[1:{-colorspace Gray} 2:{-alpha off} 3:{-threshold 75%}]
Tesseract -> map[1:{--psm 6} 2:{-c tessedit_create_alto=1} 3:{hoot quiet}] 
[36mINFO   [0m[0000] 
↓Last Loaded↓

Device |> 

↓ Args ↓
Bluestacks -> 
 VM -> Rvc64
 App -> %!v(MISSING)
Magick -> map[1:{-colorspace Gray} 2:{-alpha off} 3:{-threshold 75%}]
Tesseract -> map[1:{--psm 6} 2:{-c tessedit_create_alto=1} 3:{hoot quiet}] 
[36mINFO   [0m[0000] 
↓Last Loaded↓

Device |> [92m[0m

↓ Args ↓
Bluestacks -> 
 VM -> Rvc64
 App -> %!v(MISSING)
Magick -> map[1:{-colorspace Gray} 2:{-alpha off} 3:{-threshold 75%}]
Tesseract -> map[1:{--psm 6} 2:{-c tessedit_create_alto=1} 3:{hoot quiet}] 
[36mINFO   [0m[0010] Availiable Devices:
[]                       
[36mINFO   [0m[0000] 
↓Last Loaded↓

Device |> 

↓ Args ↓
Bluestacks -> 
 VM -> Rvc64
 App -> %!v(MISSING)
Magick -> map[1:{-colorspace Gray} 2:{-alpha off} 3:{-threshold 75%}]
Tesseract -> map[1:{--psm 6} 2:{-c tessedit_create_alto=1} 3:{hoot quiet}] 
[36mINFO   [0m[0000] 
↓Last Loaded↓

Device |> 

↓ Args ↓
Bluestacks -> 
 VM -> Rvc64
 App -> %!v(MISSING)
Magick -> map[1:{-colorspace Gray} 2:{-alpha off} 3:{-threshold 75%}]
Tesseract -> map[1:{--psm 6} 2:{-c tessedit_create_alto=1} 3:{hoot quiet}] 
[36mINFO   [0m[0000] 
↓Last Loaded↓

Device |> 

↓ Args ↓
Bluestacks -> 
 VM -> Rvc64
 App -> %!v(MISSING)
Magick -> map[1:{-colorspace Gray} 2:{-alpha off} 3:{-threshold 75%}]
Tesseract -> map[1:{--psm 6} 2:{-c tessedit_create_alto=1} 3:{hoot quiet}] 
[36mINFO   [0m[0000] 
↓Last Loaded↓

Device |> 

↓ Args ↓
Bluestacks -> 
 VM -> Rvc64
 App -> %!v(MISSING)
Magick -> map[1:{-colorspace Gray} 2:{-alpha off} 3:{-threshold 75%}]
Tesseract -> map[1:{--psm 6} 2:{-c tessedit_create_alto=1} 3:{hoot quiet}] 
[36mINFO   [0m[0000] 
↓Last Loaded↓

Device |> [92m[0m

↓ Args ↓
Bluestacks -> 
 VM -> Rvc64
 App -> %!v(MISSING)
Magick -> map[1:{-colorspace Gray} 2:{-alpha off} 3:{-threshold 75%}]
Tesseract -> map[1:{--psm 6} 2:{-c tessedit_create_alto=1} 3:{hoot quiet}] 
[36mINFO   [0m[36489] Availiable Devices:
[]                       
[36mINFO   [0m[36492] Availiable Devices:
[]                       
[36mINFO   [0m[36497] Availiable Devices:
[]                       
[36mINFO   [0m[36507] Availiable Devices:
[]                       
[36mINFO   [0m[36529] Availiable Devices:
[]                       
[36mINFO   [0m[36530] Availiable Devices:
[]                       
[36mINFO   [0m[36545] Availiable Devices:
[]                       
[36mINFO   [0m[36937] Availiable Devices:
[]                       
[36mINFO   [0m[36939] Availiable Devices:
[]                       
[36mINFO   [0m[36943] Availiable Devices:
[]                       
[36mINFO   [0m[37103] Availiable Devices:
[]                       
[36mINFO   [0m[37105] Availiable Devices:
[]                       
[36mINFO   [0m[37852] Availiable Devices:
[]                       
[36mINFO   [0m[39128] Availiable Devices:
[]                       
[36mINFO   [0m[39132] Availiable Devices:
[]                       
[36mINFO   [0m[40608] Availiable Devices:
[]                       
[36mINFO   [0m[40609] Availiable Devices:
[]                       
[36mINFO   [0m[43551] Availiable Devices:
[]                       
[36mINFO   [0m[43936] Availiable Devices:
[]                       
[36mINFO   [0m[43936] Availiable Devices:
[]                       
[36mINFO   [0m[43942] Availiable Devices:
[]                       
[36mINFO   [0m[44024] Availiable Devices:
[]                       
[36mINFO   [0m[44024] Availiable Devices:
[]                       
[36mINFO   [0m[44032] Availiable Devices:
[]                       
[36mINFO   [0m[44037] Availiable Devices:
[]                       
[36mINFO   [0m[44038] Availiable Devices:
[]                       
[36mINFO   [0m[44038] Availiable Devices:
[]                       
[36mINFO   [0m[44066] Availiable Devices:
[]                       
[36mINFO   [0m[44068] Availiable Devices:
[]                       
[36mINFO   [0m[44069] Availiable Devices:
[]                       
[36mINFO   [0m[44150] Availiable Devices:
[]                       
[36mINFO   [0m[44156] Availiable Devices:
[]                       
[36mINFO   [0m[44554] Availiable Devices:
[]                       
[36mINFO   [0m[45000] Availiable Devices:
[]                       
[36mINFO   [0m[45002] Availiable Devices:
[]                       
[36mINFO   [0m[45003] Availiable Devices:
[]                       
[36mINFO   [0m[45182] Availiable Devices:
[]                       
[36mINFO   [0m[45345] Availiable Devices:
[]                       
[36mINFO   [0m[46107] Availiable Devices:
[]                       
[36mINFO   [0m[46469] Availiable Devices:
[]                       
[36mINFO   [0m[46501] Availiable Devices:
[]                       
[36mINFO   [0m[46541] Availiable Devices:
[]                       
[36mINFO   [0m[46973] Availiable Devices:
[]                       
[36mINFO   [0m[47044] Availiable Devices:
[]                       
[36mINFO   [0m[47047] Availiable Devices:
[]                       
[36mINFO   [0m[47050] Availiable Devices:
[]                       
[36mINFO   [0m[47053] Availiable Devices:
[]                       
[36mINFO   [0m[47059] Availiable Devices:
[]                       
[36mINFO   [0m[47063] Availiable Devices:
[]                       
[36mINFO   [0m[47080] Availiable Devices:
[]                       
[36mINFO   [0m[47309] Availiable Devices:
[]                       
[36mINFO   [0m[47312] Availiable Devices:
[]                       
[36mINFO   [0m[47316] Availiable Devices:
[]                       
[36mINFO   [0m[47318] Availiable Devices:
[]                       
[36mINFO   [0m[47361] Availiable Devices:
[]                       
[36mINFO   [0m[47363] --> connected to 127.0.0.1:5555             
[36mINFO   [0m[0000] 
↓Last Loaded↓

Device |> 

↓ Args ↓
Bluestacks -> 
 VM -> Rvc64
 App -> %!v(MISSING)
Magick -> map[1:{-colorspace Gray} 2:{-alpha off} 3:{-threshold 75%}]
Tesseract -> map[1:{--psm 6} 2:{-c tessedit_create_alto=1} 3:{hoot quiet}] 
[36mINFO   [0m[0000] 
↓Last Loaded↓

Device |> [92m[0m

↓ Args ↓
Bluestacks -> 
 VM -> Rvc64
 App -> %!v(MISSING)
Magick -> map[1:{-colorspace Gray} 2:{-alpha off} 3:{-threshold 75%}]
Tesseract -> map[1:{--psm 6} 2:{-c tessedit_create_alto=1} 3:{hoot quiet}] 
[36mINFO   [0m[0000] 
↓Last Loaded↓

Device |> 

↓ Args ↓
Bluestacks -> 
 VM -> Rvc64
 App -> %!v(MISSING)
Magick -> map[1:{-colorspace Gray} 2:{-alpha off} 3:{-threshold 75%}]
Tesseract -> map[1:{--psm 6} 2:{-c tessedit_create_alto=1} 3:{hoot quiet}] 
[36mINFO   [0m[0000] 
↓Last Loaded↓

Device |> [92m[0m

↓ Args ↓
Bluestacks -> 
 VM -> Rvc64
 App -> %!v(MISSING)
Magick -> map[1:{-colorspace Gray} 2:{-alpha off} 3:{-threshold 75%}]
Tesseract -> map[1:{--psm 6} 2:{-c tessedit_create_alto=1} 3:{hoot quiet}] 
[36mINFO   [0m[0007] Availiable Devices:
[Device<127.0.0.1:5555x86>[resolution:720x1680]] 
